<?xml version="1.0" encoding="UTF-8"?>
<testsuite xmlns:xsi="http://www.w3.org/2001/XMLSchema-instance" xsi:noNamespaceSchemaLocation="https://maven.apache.org/surefire/maven-surefire-plugin/xsd/surefire-test-report.xsd" name="com.example.demo.controller.FileDetailsControllerTest" time="3.676" tests="5" errors="0" skipped="0" failures="0">
  <properties>
    <property name="java.specification.version" value="21"/>
    <property name="sun.jnu.encoding" value="UTF-8"/>
    <property name="java.class.path" value="/app/target/test-classes:/app/target/classes:/home/swebot/.m2/repository/org/springframework/boot/spring-boot-starter-web/2.7.0/spring-boot-starter-web-2.7.0.jar:/home/swebot/.m2/repository/org/springframework/boot/spring-boot-starter/2.7.0/spring-boot-starter-2.7.0.jar:/home/swebot/.m2/repository/org/springframework/boot/spring-boot/2.7.0/spring-boot-2.7.0.jar:/home/swebot/.m2/repository/org/springframework/boot/spring-boot-autoconfigure/2.7.0/spring-boot-autoconfigure-2.7.0.jar:/home/swebot/.m2/repository/org/springframework/boot/spring-boot-starter-logging/2.7.0/spring-boot-starter-logging-2.7.0.jar:/home/swebot/.m2/repository/ch/qos/logback/logback-classic/1.2.11/logback-classic-1.2.11.jar:/home/swebot/.m2/repository/ch/qos/logback/logback-core/1.2.11/logback-core-1.2.11.jar:/home/swebot/.m2/repository/org/apache/logging/log4j/log4j-to-slf4j/2.17.2/log4j-to-slf4j-2.17.2.jar:/home/swebot/.m2/repository/org/apache/logging/log4j/log4j-api/2.17.2/log4j-api-2.17.2.jar:/home/swebot/.m2/repository/org/slf4j/jul-to-slf4j/1.7.36/jul-to-slf4j-1.7.36.jar:/home/swebot/.m2/repository/jakarta/annotation/jakarta.annotation-api/1.3.5/jakarta.annotation-api-1.3.5.jar:/home/swebot/.m2/repository/org/yaml/snakeyaml/1.30/snakeyaml-1.30.jar:/home/swebot/.m2/repository/org/springframework/boot/spring-boot-starter-json/2.7.0/spring-boot-starter-json-2.7.0.jar:/home/swebot/.m2/repository/com/fasterxml/jackson/datatype/jackson-datatype-jdk8/2.13.3/jackson-datatype-jdk8-2.13.3.jar:/home/swebot/.m2/repository/com/fasterxml/jackson/datatype/jackson-datatype-jsr310/2.13.3/jackson-datatype-jsr310-2.13.3.jar:/home/swebot/.m2/repository/com/fasterxml/jackson/module/jackson-module-parameter-names/2.13.3/jackson-module-parameter-names-2.13.3.jar:/home/swebot/.m2/repository/org/springframework/boot/spring-boot-starter-tomcat/2.7.0/spring-boot-starter-tomcat-2.7.0.jar:/home/swebot/.m2/repository/org/apache/tomcat/embed/tomcat-embed-core/9.0.63/tomcat-embed-core-9.0.63.jar:/home/swebot/.m2/repository/org/apache/tomcat/embed/tomcat-embed-el/9.0.63/tomcat-embed-el-9.0.63.jar:/home/swebot/.m2/repository/org/apache/tomcat/embed/tomcat-embed-websocket/9.0.63/tomcat-embed-websocket-9.0.63.jar:/home/swebot/.m2/repository/org/springframework/spring-web/5.3.20/spring-web-5.3.20.jar:/home/swebot/.m2/repository/org/springframework/spring-beans/5.3.20/spring-beans-5.3.20.jar:/home/swebot/.m2/repository/org/springframework/spring-webmvc/5.3.20/spring-webmvc-5.3.20.jar:/home/swebot/.m2/repository/org/springframework/spring-aop/5.3.20/spring-aop-5.3.20.jar:/home/swebot/.m2/repository/org/springframework/spring-context/5.3.20/spring-context-5.3.20.jar:/home/swebot/.m2/repository/org/springframework/spring-expression/5.3.20/spring-expression-5.3.20.jar:/home/swebot/.m2/repository/org/duckdb/duckdb_jdbc/0.9.2/duckdb_jdbc-0.9.2.jar:/home/swebot/.m2/repository/org/apache/iceberg/iceberg-core/1.3.1/iceberg-core-1.3.1.jar:/home/swebot/.m2/repository/org/apache/iceberg/iceberg-api/1.3.1/iceberg-api-1.3.1.jar:/home/swebot/.m2/repository/org/slf4j/slf4j-api/1.7.36/slf4j-api-1.7.36.jar:/home/swebot/.m2/repository/org/apache/iceberg/iceberg-common/1.3.1/iceberg-common-1.3.1.jar:/home/swebot/.m2/repository/org/apache/iceberg/iceberg-bundled-guava/1.3.1/iceberg-bundled-guava-1.3.1.jar:/home/swebot/.m2/repository/org/apache/avro/avro/1.11.1/avro-1.11.1.jar:/home/swebot/.m2/repository/org/apache/commons/commons-compress/1.21/commons-compress-1.21.jar:/home/swebot/.m2/repository/io/airlift/aircompressor/0.24/aircompressor-0.24.jar:/home/swebot/.m2/repository/org/apache/httpcomponents/client5/httpclient5/5.1.3/httpclient5-5.1.3.jar:/home/swebot/.m2/repository/org/apache/httpcomponents/core5/httpcore5/5.1.3/httpcore5-5.1.3.jar:/home/swebot/.m2/repository/org/apache/httpcomponents/core5/httpcore5-h2/5.1.3/httpcore5-h2-5.1.3.jar:/home/swebot/.m2/repository/commons-codec/commons-codec/1.15/commons-codec-1.15.jar:/home/swebot/.m2/repository/com/fasterxml/jackson/core/jackson-databind/2.13.3/jackson-databind-2.13.3.jar:/home/swebot/.m2/repository/com/fasterxml/jackson/core/jackson-annotations/2.13.3/jackson-annotations-2.13.3.jar:/home/swebot/.m2/repository/com/fasterxml/jackson/core/jackson-core/2.13.3/jackson-core-2.13.3.jar:/home/swebot/.m2/repository/com/github/ben-manes/caffeine/caffeine/2.9.3/caffeine-2.9.3.jar:/home/swebot/.m2/repository/org/checkerframework/checker-qual/3.19.0/checker-qual-3.19.0.jar:/home/swebot/.m2/repository/com/google/errorprone/error_prone_annotations/2.10.0/error_prone_annotations-2.10.0.jar:/home/swebot/.m2/repository/org/roaringbitmap/RoaringBitmap/0.9.44/RoaringBitmap-0.9.44.jar:/home/swebot/.m2/repository/org/roaringbitmap/shims/0.9.44/shims-0.9.44.jar:/home/swebot/.m2/repository/org/projectlombok/lombok/1.18.30/lombok-1.18.30.jar:/home/swebot/.m2/repository/org/springframework/boot/spring-boot-starter-test/2.7.0/spring-boot-starter-test-2.7.0.jar:/home/swebot/.m2/repository/org/springframework/boot/spring-boot-test/2.7.0/spring-boot-test-2.7.0.jar:/home/swebot/.m2/repository/org/springframework/boot/spring-boot-test-autoconfigure/2.7.0/spring-boot-test-autoconfigure-2.7.0.jar:/home/swebot/.m2/repository/com/jayway/jsonpath/json-path/2.7.0/json-path-2.7.0.jar:/home/swebot/.m2/repository/net/minidev/json-smart/2.4.8/json-smart-2.4.8.jar:/home/swebot/.m2/repository/net/minidev/accessors-smart/2.4.8/accessors-smart-2.4.8.jar:/home/swebot/.m2/repository/org/ow2/asm/asm/9.1/asm-9.1.jar:/home/swebot/.m2/repository/jakarta/xml/bind/jakarta.xml.bind-api/2.3.3/jakarta.xml.bind-api-2.3.3.jar:/home/swebot/.m2/repository/jakarta/activation/jakarta.activation-api/1.2.2/jakarta.activation-api-1.2.2.jar:/home/swebot/.m2/repository/org/assertj/assertj-core/3.22.0/assertj-core-3.22.0.jar:/home/swebot/.m2/repository/org/hamcrest/hamcrest/2.2/hamcrest-2.2.jar:/home/swebot/.m2/repository/org/junit/jupiter/junit-jupiter/5.8.2/junit-jupiter-5.8.2.jar:/home/swebot/.m2/repository/org/junit/jupiter/junit-jupiter-api/5.8.2/junit-jupiter-api-5.8.2.jar:/home/swebot/.m2/repository/org/opentest4j/opentest4j/1.2.0/opentest4j-1.2.0.jar:/home/swebot/.m2/repository/org/junit/platform/junit-platform-commons/1.8.2/junit-platform-commons-1.8.2.jar:/home/swebot/.m2/repository/org/apiguardian/apiguardian-api/1.1.2/apiguardian-api-1.1.2.jar:/home/swebot/.m2/repository/org/junit/jupiter/junit-jupiter-params/5.8.2/junit-jupiter-params-5.8.2.jar:/home/swebot/.m2/repository/org/junit/jupiter/junit-jupiter-engine/5.8.2/junit-jupiter-engine-5.8.2.jar:/home/swebot/.m2/repository/org/junit/platform/junit-platform-engine/1.8.2/junit-platform-engine-1.8.2.jar:/home/swebot/.m2/repository/org/mockito/mockito-core/4.5.1/mockito-core-4.5.1.jar:/home/swebot/.m2/repository/net/bytebuddy/byte-buddy/1.12.10/byte-buddy-1.12.10.jar:/home/swebot/.m2/repository/net/bytebuddy/byte-buddy-agent/1.12.10/byte-buddy-agent-1.12.10.jar:/home/swebot/.m2/repository/org/objenesis/objenesis/3.2/objenesis-3.2.jar:/home/swebot/.m2/repository/org/mockito/mockito-junit-jupiter/4.5.1/mockito-junit-jupiter-4.5.1.jar:/home/swebot/.m2/repository/org/skyscreamer/jsonassert/1.5.0/jsonassert-1.5.0.jar:/home/swebot/.m2/repository/com/vaadin/external/google/android-json/0.0.20131108.vaadin1/android-json-0.0.20131108.vaadin1.jar:/home/swebot/.m2/repository/org/springframework/spring-core/5.3.20/spring-core-5.3.20.jar:/home/swebot/.m2/repository/org/springframework/spring-jcl/5.3.20/spring-jcl-5.3.20.jar:/home/swebot/.m2/repository/org/springframework/spring-test/5.3.20/spring-test-5.3.20.jar:/home/swebot/.m2/repository/org/xmlunit/xmlunit-core/2.9.0/xmlunit-core-2.9.0.jar:/home/swebot/.m2/repository/org/apache/iceberg/iceberg-aws/1.3.1/iceberg-aws-1.3.1.jar:/home/swebot/.m2/repository/software/amazon/awssdk/s3/2.20.68/s3-2.20.68.jar:/home/swebot/.m2/repository/software/amazon/awssdk/aws-xml-protocol/2.20.68/aws-xml-protocol-2.20.68.jar:/home/swebot/.m2/repository/software/amazon/awssdk/aws-query-protocol/2.20.68/aws-query-protocol-2.20.68.jar:/home/swebot/.m2/repository/software/amazon/awssdk/protocol-core/2.20.68/protocol-core-2.20.68.jar:/home/swebot/.m2/repository/software/amazon/awssdk/arns/2.20.68/arns-2.20.68.jar:/home/swebot/.m2/repository/software/amazon/awssdk/profiles/2.20.68/profiles-2.20.68.jar:/home/swebot/.m2/repository/software/amazon/awssdk/crt-core/2.20.68/crt-core-2.20.68.jar:/home/swebot/.m2/repository/software/amazon/awssdk/sdk-core/2.20.68/sdk-core-2.20.68.jar:/home/swebot/.m2/repository/org/reactivestreams/reactive-streams/1.0.3/reactive-streams-1.0.3.jar:/home/swebot/.m2/repository/software/amazon/awssdk/auth/2.20.68/auth-2.20.68.jar:/home/swebot/.m2/repository/software/amazon/eventstream/eventstream/1.0.1/eventstream-1.0.1.jar:/home/swebot/.m2/repository/software/amazon/awssdk/http-client-spi/2.20.68/http-client-spi-2.20.68.jar:/home/swebot/.m2/repository/software/amazon/awssdk/regions/2.20.68/regions-2.20.68.jar:/home/swebot/.m2/repository/software/amazon/awssdk/annotations/2.20.68/annotations-2.20.68.jar:/home/swebot/.m2/repository/software/amazon/awssdk/utils/2.20.68/utils-2.20.68.jar:/home/swebot/.m2/repository/software/amazon/awssdk/aws-core/2.20.68/aws-core-2.20.68.jar:/home/swebot/.m2/repository/software/amazon/awssdk/metrics-spi/2.20.68/metrics-spi-2.20.68.jar:/home/swebot/.m2/repository/software/amazon/awssdk/json-utils/2.20.68/json-utils-2.20.68.jar:/home/swebot/.m2/repository/software/amazon/awssdk/third-party-jackson-core/2.20.68/third-party-jackson-core-2.20.68.jar:/home/swebot/.m2/repository/software/amazon/awssdk/endpoints-spi/2.20.68/endpoints-spi-2.20.68.jar:/home/swebot/.m2/repository/software/amazon/awssdk/apache-client/2.20.68/apache-client-2.20.68.jar:/home/swebot/.m2/repository/org/apache/httpcomponents/httpclient/4.5.13/httpclient-4.5.13.jar:/home/swebot/.m2/repository/org/apache/httpcomponents/httpcore/4.4.15/httpcore-4.4.15.jar:/home/swebot/.m2/repository/software/amazon/awssdk/netty-nio-client/2.20.68/netty-nio-client-2.20.68.jar:/home/swebot/.m2/repository/io/netty/netty-codec-http/4.1.77.Final/netty-codec-http-4.1.77.Final.jar:/home/swebot/.m2/repository/io/netty/netty-codec-http2/4.1.77.Final/netty-codec-http2-4.1.77.Final.jar:/home/swebot/.m2/repository/io/netty/netty-codec/4.1.77.Final/netty-codec-4.1.77.Final.jar:/home/swebot/.m2/repository/io/netty/netty-transport/4.1.77.Final/netty-transport-4.1.77.Final.jar:/home/swebot/.m2/repository/io/netty/netty-resolver/4.1.77.Final/netty-resolver-4.1.77.Final.jar:/home/swebot/.m2/repository/io/netty/netty-common/4.1.77.Final/netty-common-4.1.77.Final.jar:/home/swebot/.m2/repository/io/netty/netty-buffer/4.1.77.Final/netty-buffer-4.1.77.Final.jar:/home/swebot/.m2/repository/io/netty/netty-handler/4.1.77.Final/netty-handler-4.1.77.Final.jar:/home/swebot/.m2/repository/io/netty/netty-transport-classes-epoll/4.1.77.Final/netty-transport-classes-epoll-4.1.77.Final.jar:/home/swebot/.m2/repository/io/netty/netty-transport-native-unix-common/4.1.77.Final/netty-transport-native-unix-common-4.1.77.Final.jar:"/>
    <property name="java.vm.vendor" value="Ubuntu"/>
    <property name="sun.arch.data.model" value="64"/>
    <property name="java.vendor.url" value="https://ubuntu.com/"/>
    <property name="os.name" value="Linux"/>
    <property name="java.vm.specification.version" value="21"/>
    <property name="sun.java.launcher" value="SUN_STANDARD"/>
    <property name="sun.boot.library.path" value="/usr/lib/jvm/java-21-openjdk-amd64/lib"/>
    <property name="sun.java.command" value="/app/target/surefire/surefirebooter11925580717676325376.jar /app/target/surefire 2025-05-27T21-59-37_967-jvmRun1 surefire10003146591284128337tmp surefire_015463368930267998217tmp"/>
    <property name="jdk.debug" value="release"/>
    <property name="surefire.test.class.path" value="/app/target/test-classes:/app/target/classes:/home/swebot/.m2/repository/org/springframework/boot/spring-boot-starter-web/2.7.0/spring-boot-starter-web-2.7.0.jar:/home/swebot/.m2/repository/org/springframework/boot/spring-boot-starter/2.7.0/spring-boot-starter-2.7.0.jar:/home/swebot/.m2/repository/org/springframework/boot/spring-boot/2.7.0/spring-boot-2.7.0.jar:/home/swebot/.m2/repository/org/springframework/boot/spring-boot-autoconfigure/2.7.0/spring-boot-autoconfigure-2.7.0.jar:/home/swebot/.m2/repository/org/springframework/boot/spring-boot-starter-logging/2.7.0/spring-boot-starter-logging-2.7.0.jar:/home/swebot/.m2/repository/ch/qos/logback/logback-classic/1.2.11/logback-classic-1.2.11.jar:/home/swebot/.m2/repository/ch/qos/logback/logback-core/1.2.11/logback-core-1.2.11.jar:/home/swebot/.m2/repository/org/apache/logging/log4j/log4j-to-slf4j/2.17.2/log4j-to-slf4j-2.17.2.jar:/home/swebot/.m2/repository/org/apache/logging/log4j/log4j-api/2.17.2/log4j-api-2.17.2.jar:/home/swebot/.m2/repository/org/slf4j/jul-to-slf4j/1.7.36/jul-to-slf4j-1.7.36.jar:/home/swebot/.m2/repository/jakarta/annotation/jakarta.annotation-api/1.3.5/jakarta.annotation-api-1.3.5.jar:/home/swebot/.m2/repository/org/yaml/snakeyaml/1.30/snakeyaml-1.30.jar:/home/swebot/.m2/repository/org/springframework/boot/spring-boot-starter-json/2.7.0/spring-boot-starter-json-2.7.0.jar:/home/swebot/.m2/repository/com/fasterxml/jackson/datatype/jackson-datatype-jdk8/2.13.3/jackson-datatype-jdk8-2.13.3.jar:/home/swebot/.m2/repository/com/fasterxml/jackson/datatype/jackson-datatype-jsr310/2.13.3/jackson-datatype-jsr310-2.13.3.jar:/home/swebot/.m2/repository/com/fasterxml/jackson/module/jackson-module-parameter-names/2.13.3/jackson-module-parameter-names-2.13.3.jar:/home/swebot/.m2/repository/org/springframework/boot/spring-boot-starter-tomcat/2.7.0/spring-boot-starter-tomcat-2.7.0.jar:/home/swebot/.m2/repository/org/apache/tomcat/embed/tomcat-embed-core/9.0.63/tomcat-embed-core-9.0.63.jar:/home/swebot/.m2/repository/org/apache/tomcat/embed/tomcat-embed-el/9.0.63/tomcat-embed-el-9.0.63.jar:/home/swebot/.m2/repository/org/apache/tomcat/embed/tomcat-embed-websocket/9.0.63/tomcat-embed-websocket-9.0.63.jar:/home/swebot/.m2/repository/org/springframework/spring-web/5.3.20/spring-web-5.3.20.jar:/home/swebot/.m2/repository/org/springframework/spring-beans/5.3.20/spring-beans-5.3.20.jar:/home/swebot/.m2/repository/org/springframework/spring-webmvc/5.3.20/spring-webmvc-5.3.20.jar:/home/swebot/.m2/repository/org/springframework/spring-aop/5.3.20/spring-aop-5.3.20.jar:/home/swebot/.m2/repository/org/springframework/spring-context/5.3.20/spring-context-5.3.20.jar:/home/swebot/.m2/repository/org/springframework/spring-expression/5.3.20/spring-expression-5.3.20.jar:/home/swebot/.m2/repository/org/duckdb/duckdb_jdbc/0.9.2/duckdb_jdbc-0.9.2.jar:/home/swebot/.m2/repository/org/apache/iceberg/iceberg-core/1.3.1/iceberg-core-1.3.1.jar:/home/swebot/.m2/repository/org/apache/iceberg/iceberg-api/1.3.1/iceberg-api-1.3.1.jar:/home/swebot/.m2/repository/org/slf4j/slf4j-api/1.7.36/slf4j-api-1.7.36.jar:/home/swebot/.m2/repository/org/apache/iceberg/iceberg-common/1.3.1/iceberg-common-1.3.1.jar:/home/swebot/.m2/repository/org/apache/iceberg/iceberg-bundled-guava/1.3.1/iceberg-bundled-guava-1.3.1.jar:/home/swebot/.m2/repository/org/apache/avro/avro/1.11.1/avro-1.11.1.jar:/home/swebot/.m2/repository/org/apache/commons/commons-compress/1.21/commons-compress-1.21.jar:/home/swebot/.m2/repository/io/airlift/aircompressor/0.24/aircompressor-0.24.jar:/home/swebot/.m2/repository/org/apache/httpcomponents/client5/httpclient5/5.1.3/httpclient5-5.1.3.jar:/home/swebot/.m2/repository/org/apache/httpcomponents/core5/httpcore5/5.1.3/httpcore5-5.1.3.jar:/home/swebot/.m2/repository/org/apache/httpcomponents/core5/httpcore5-h2/5.1.3/httpcore5-h2-5.1.3.jar:/home/swebot/.m2/repository/commons-codec/commons-codec/1.15/commons-codec-1.15.jar:/home/swebot/.m2/repository/com/fasterxml/jackson/core/jackson-databind/2.13.3/jackson-databind-2.13.3.jar:/home/swebot/.m2/repository/com/fasterxml/jackson/core/jackson-annotations/2.13.3/jackson-annotations-2.13.3.jar:/home/swebot/.m2/repository/com/fasterxml/jackson/core/jackson-core/2.13.3/jackson-core-2.13.3.jar:/home/swebot/.m2/repository/com/github/ben-manes/caffeine/caffeine/2.9.3/caffeine-2.9.3.jar:/home/swebot/.m2/repository/org/checkerframework/checker-qual/3.19.0/checker-qual-3.19.0.jar:/home/swebot/.m2/repository/com/google/errorprone/error_prone_annotations/2.10.0/error_prone_annotations-2.10.0.jar:/home/swebot/.m2/repository/org/roaringbitmap/RoaringBitmap/0.9.44/RoaringBitmap-0.9.44.jar:/home/swebot/.m2/repository/org/roaringbitmap/shims/0.9.44/shims-0.9.44.jar:/home/swebot/.m2/repository/org/projectlombok/lombok/1.18.30/lombok-1.18.30.jar:/home/swebot/.m2/repository/org/springframework/boot/spring-boot-starter-test/2.7.0/spring-boot-starter-test-2.7.0.jar:/home/swebot/.m2/repository/org/springframework/boot/spring-boot-test/2.7.0/spring-boot-test-2.7.0.jar:/home/swebot/.m2/repository/org/springframework/boot/spring-boot-test-autoconfigure/2.7.0/spring-boot-test-autoconfigure-2.7.0.jar:/home/swebot/.m2/repository/com/jayway/jsonpath/json-path/2.7.0/json-path-2.7.0.jar:/home/swebot/.m2/repository/net/minidev/json-smart/2.4.8/json-smart-2.4.8.jar:/home/swebot/.m2/repository/net/minidev/accessors-smart/2.4.8/accessors-smart-2.4.8.jar:/home/swebot/.m2/repository/org/ow2/asm/asm/9.1/asm-9.1.jar:/home/swebot/.m2/repository/jakarta/xml/bind/jakarta.xml.bind-api/2.3.3/jakarta.xml.bind-api-2.3.3.jar:/home/swebot/.m2/repository/jakarta/activation/jakarta.activation-api/1.2.2/jakarta.activation-api-1.2.2.jar:/home/swebot/.m2/repository/org/assertj/assertj-core/3.22.0/assertj-core-3.22.0.jar:/home/swebot/.m2/repository/org/hamcrest/hamcrest/2.2/hamcrest-2.2.jar:/home/swebot/.m2/repository/org/junit/jupiter/junit-jupiter/5.8.2/junit-jupiter-5.8.2.jar:/home/swebot/.m2/repository/org/junit/jupiter/junit-jupiter-api/5.8.2/junit-jupiter-api-5.8.2.jar:/home/swebot/.m2/repository/org/opentest4j/opentest4j/1.2.0/opentest4j-1.2.0.jar:/home/swebot/.m2/repository/org/junit/platform/junit-platform-commons/1.8.2/junit-platform-commons-1.8.2.jar:/home/swebot/.m2/repository/org/apiguardian/apiguardian-api/1.1.2/apiguardian-api-1.1.2.jar:/home/swebot/.m2/repository/org/junit/jupiter/junit-jupiter-params/5.8.2/junit-jupiter-params-5.8.2.jar:/home/swebot/.m2/repository/org/junit/jupiter/junit-jupiter-engine/5.8.2/junit-jupiter-engine-5.8.2.jar:/home/swebot/.m2/repository/org/junit/platform/junit-platform-engine/1.8.2/junit-platform-engine-1.8.2.jar:/home/swebot/.m2/repository/org/mockito/mockito-core/4.5.1/mockito-core-4.5.1.jar:/home/swebot/.m2/repository/net/bytebuddy/byte-buddy/1.12.10/byte-buddy-1.12.10.jar:/home/swebot/.m2/repository/net/bytebuddy/byte-buddy-agent/1.12.10/byte-buddy-agent-1.12.10.jar:/home/swebot/.m2/repository/org/objenesis/objenesis/3.2/objenesis-3.2.jar:/home/swebot/.m2/repository/org/mockito/mockito-junit-jupiter/4.5.1/mockito-junit-jupiter-4.5.1.jar:/home/swebot/.m2/repository/org/skyscreamer/jsonassert/1.5.0/jsonassert-1.5.0.jar:/home/swebot/.m2/repository/com/vaadin/external/google/android-json/0.0.20131108.vaadin1/android-json-0.0.20131108.vaadin1.jar:/home/swebot/.m2/repository/org/springframework/spring-core/5.3.20/spring-core-5.3.20.jar:/home/swebot/.m2/repository/org/springframework/spring-jcl/5.3.20/spring-jcl-5.3.20.jar:/home/swebot/.m2/repository/org/springframework/spring-test/5.3.20/spring-test-5.3.20.jar:/home/swebot/.m2/repository/org/xmlunit/xmlunit-core/2.9.0/xmlunit-core-2.9.0.jar:/home/swebot/.m2/repository/org/apache/iceberg/iceberg-aws/1.3.1/iceberg-aws-1.3.1.jar:/home/swebot/.m2/repository/software/amazon/awssdk/s3/2.20.68/s3-2.20.68.jar:/home/swebot/.m2/repository/software/amazon/awssdk/aws-xml-protocol/2.20.68/aws-xml-protocol-2.20.68.jar:/home/swebot/.m2/repository/software/amazon/awssdk/aws-query-protocol/2.20.68/aws-query-protocol-2.20.68.jar:/home/swebot/.m2/repository/software/amazon/awssdk/protocol-core/2.20.68/protocol-core-2.20.68.jar:/home/swebot/.m2/repository/software/amazon/awssdk/arns/2.20.68/arns-2.20.68.jar:/home/swebot/.m2/repository/software/amazon/awssdk/profiles/2.20.68/profiles-2.20.68.jar:/home/swebot/.m2/repository/software/amazon/awssdk/crt-core/2.20.68/crt-core-2.20.68.jar:/home/swebot/.m2/repository/software/amazon/awssdk/sdk-core/2.20.68/sdk-core-2.20.68.jar:/home/swebot/.m2/repository/org/reactivestreams/reactive-streams/1.0.3/reactive-streams-1.0.3.jar:/home/swebot/.m2/repository/software/amazon/awssdk/auth/2.20.68/auth-2.20.68.jar:/home/swebot/.m2/repository/software/amazon/eventstream/eventstream/1.0.1/eventstream-1.0.1.jar:/home/swebot/.m2/repository/software/amazon/awssdk/http-client-spi/2.20.68/http-client-spi-2.20.68.jar:/home/swebot/.m2/repository/software/amazon/awssdk/regions/2.20.68/regions-2.20.68.jar:/home/swebot/.m2/repository/software/amazon/awssdk/annotations/2.20.68/annotations-2.20.68.jar:/home/swebot/.m2/repository/software/amazon/awssdk/utils/2.20.68/utils-2.20.68.jar:/home/swebot/.m2/repository/software/amazon/awssdk/aws-core/2.20.68/aws-core-2.20.68.jar:/home/swebot/.m2/repository/software/amazon/awssdk/metrics-spi/2.20.68/metrics-spi-2.20.68.jar:/home/swebot/.m2/repository/software/amazon/awssdk/json-utils/2.20.68/json-utils-2.20.68.jar:/home/swebot/.m2/repository/software/amazon/awssdk/third-party-jackson-core/2.20.68/third-party-jackson-core-2.20.68.jar:/home/swebot/.m2/repository/software/amazon/awssdk/endpoints-spi/2.20.68/endpoints-spi-2.20.68.jar:/home/swebot/.m2/repository/software/amazon/awssdk/apache-client/2.20.68/apache-client-2.20.68.jar:/home/swebot/.m2/repository/org/apache/httpcomponents/httpclient/4.5.13/httpclient-4.5.13.jar:/home/swebot/.m2/repository/org/apache/httpcomponents/httpcore/4.4.15/httpcore-4.4.15.jar:/home/swebot/.m2/repository/software/amazon/awssdk/netty-nio-client/2.20.68/netty-nio-client-2.20.68.jar:/home/swebot/.m2/repository/io/netty/netty-codec-http/4.1.77.Final/netty-codec-http-4.1.77.Final.jar:/home/swebot/.m2/repository/io/netty/netty-codec-http2/4.1.77.Final/netty-codec-http2-4.1.77.Final.jar:/home/swebot/.m2/repository/io/netty/netty-codec/4.1.77.Final/netty-codec-4.1.77.Final.jar:/home/swebot/.m2/repository/io/netty/netty-transport/4.1.77.Final/netty-transport-4.1.77.Final.jar:/home/swebot/.m2/repository/io/netty/netty-resolver/4.1.77.Final/netty-resolver-4.1.77.Final.jar:/home/swebot/.m2/repository/io/netty/netty-common/4.1.77.Final/netty-common-4.1.77.Final.jar:/home/swebot/.m2/repository/io/netty/netty-buffer/4.1.77.Final/netty-buffer-4.1.77.Final.jar:/home/swebot/.m2/repository/io/netty/netty-handler/4.1.77.Final/netty-handler-4.1.77.Final.jar:/home/swebot/.m2/repository/io/netty/netty-transport-classes-epoll/4.1.77.Final/netty-transport-classes-epoll-4.1.77.Final.jar:/home/swebot/.m2/repository/io/netty/netty-transport-native-unix-common/4.1.77.Final/netty-transport-native-unix-common-4.1.77.Final.jar:"/>
    <property name="sun.cpu.endian" value="little"/>
    <property name="user.home" value="/home/swebot"/>
    <property name="user.language" value="en"/>
    <property name="java.specification.vendor" value="Oracle Corporation"/>
    <property name="java.version.date" value="2025-04-15"/>
    <property name="java.home" value="/usr/lib/jvm/java-21-openjdk-amd64"/>
    <property name="file.separator" value="/"/>
    <property name="basedir" value="/app"/>
    <property name="java.vm.compressedOopsMode" value="32-bit"/>
    <property name="line.separator" value="&#10;"/>
    <property name="java.vm.specification.vendor" value="Oracle Corporation"/>
    <property name="java.specification.name" value="Java Platform API Specification"/>
    <property name="surefire.real.class.path" value="/app/target/surefire/surefirebooter11925580717676325376.jar"/>
    <property name="sun.management.compiler" value="HotSpot 64-Bit Tiered Compilers"/>
    <property name="java.runtime.version" value="21.0.7+6-Ubuntu-0ubuntu124.04"/>
    <property name="user.name" value="jules"/>
    <property name="stdout.encoding" value="UTF-8"/>
    <property name="path.separator" value=":"/>
    <property name="os.version" value="6.8.0"/>
    <property name="java.runtime.name" value="OpenJDK Runtime Environment"/>
    <property name="file.encoding" value="UTF-8"/>
    <property name="java.vm.name" value="OpenJDK 64-Bit Server VM"/>
    <property name="localRepository" value="/home/swebot/.m2/repository"/>
    <property name="java.vendor.url.bug" value="https://bugs.launchpad.net/ubuntu/+source/openjdk-21"/>
    <property name="java.io.tmpdir" value="/tmp"/>
    <property name="java.version" value="21.0.7"/>
    <property name="user.dir" value="/app"/>
    <property name="os.arch" value="amd64"/>
    <property name="java.vm.specification.name" value="Java Virtual Machine Specification"/>
    <property name="native.encoding" value="UTF-8"/>
    <property name="java.library.path" value="/usr/java/packages/lib:/usr/lib/x86_64-linux-gnu/jni:/lib/x86_64-linux-gnu:/usr/lib/x86_64-linux-gnu:/usr/lib/jni:/lib:/usr/lib"/>
    <property name="stderr.encoding" value="UTF-8"/>
    <property name="java.vm.info" value="mixed mode, sharing"/>
    <property name="java.vendor" value="Ubuntu"/>
    <property name="java.vm.version" value="21.0.7+6-Ubuntu-0ubuntu124.04"/>
    <property name="sun.io.unicode.encoding" value="UnicodeLittle"/>
    <property name="java.class.version" value="65.0"/>
  </properties>
  <testcase name="getAllFileDetails_shouldReturnInternalServerError_onSQLException" classname="com.example.demo.controller.FileDetailsControllerTest" time="0.122"/>
  <testcase name="getAllFileDetails_shouldReturnEmptyList_whenNoFiles_onSuccess" classname="com.example.demo.controller.FileDetailsControllerTest" time="0.075"/>
  <testcase name="saveFileDetails_shouldReturnInternalServerError_onSQLException" classname="com.example.demo.controller.FileDetailsControllerTest" time="0.101"/>
  <testcase name="saveFileDetails_shouldReturnOkWithMessage_onSuccess" classname="com.example.demo.controller.FileDetailsControllerTest" time="0.014"/>
  <testcase name="getAllFileDetails_shouldReturnListOfFileDetails_onSuccess" classname="com.example.demo.controller.FileDetailsControllerTest" time="0.012"/>
</testsuite>